<?xml version="1.0" encoding="UTF-8"?>
<testng-results ignored="0" total="1" passed="1" failed="0" skipped="0">
  <reporter-output>
  </reporter-output>
  <suite started-at="2024-08-14T08:48:24 IST" name="Default suite" finished-at="2024-08-14T08:48:28 IST" duration-ms="4183">
    <groups>
    </groups>
    <test started-at="2024-08-14T08:48:24 IST" name="Default test" finished-at="2024-08-14T08:48:28 IST" duration-ms="4183">
      <class name="com.spotify.tests.CreateGetAndUpdatePlaylistClass">
        <test-method signature="createPlayListMethod()[pri:1, instance:com.spotify.tests.CreateGetAndUpdatePlaylistClass@1ab3a8c8]" started-at="2024-08-14T08:48:24 IST" name="createPlayListMethod" finished-at="2024-08-14T08:48:28 IST" duration-ms="4129" status="PASS">
          <reporter-output>
          </reporter-output>
        </test-method> <!-- createPlayListMethod -->
      </class> <!-- com.spotify.tests.CreateGetAndUpdatePlaylistClass -->
    </test> <!-- Default test -->
  </suite> <!-- Default suite -->
</testng-results>
